<?xml version="1.0" encoding="UTF-8"?>
<!-- Generated by org.testng.reporters.JUnitReportReporter -->
<testsuite hostname="Dell" name="com.qa.tests.Get_Call" tests="2" failures="0" timestamp="18 Jul 2018 07:37:19 GMT" time="3.954" errors="0">
  <testcase name="testWithOutHeaders" time="3.073" classname="com.qa.tests.Get_Call"/>
  <testcase name="testWithHeaders" time="0.881" classname="com.qa.tests.Get_Call"/>
</testsuite> <!-- com.qa.tests.Get_Call -->
