<?xml version="1.0" encoding="UTF-8"?>
<!-- Generated by org.testng.reporters.JUnitReportReporter -->
<testsuite hostname="Dell" name="com.qa.tests.Get_Call" tests="1" failures="0" timestamp="17 Jul 2018 14:18:26 GMT" time="1.542" errors="0">
  <testcase name="test" time="1.542" classname="com.qa.tests.Get_Call"/>
</testsuite> <!-- com.qa.tests.Get_Call -->
