<?xml version="1.0" encoding="UTF-8"?>
<!-- Generated by org.testng.reporters.JUnitReportReporter -->
<testsuite hostname="Dell" name="com.qa.tests.Post_Call" tests="1" failures="0" timestamp="18 Jul 2018 13:54:42 GMT" time="1.523" errors="0">
  <testcase name="postCall" time="1.523" classname="com.qa.tests.Post_Call"/>
</testsuite> <!-- com.qa.tests.Post_Call -->
